
> pelagos-ui@0.1.0 tauri
> tauri dev

     Running BeforeDevCommand (`npm run dev`)

> pelagos-ui@0.1.0 dev
> vite dev

failed to load config from /home/cb/Projects/pelagos-ui/vite.config.ts
error when starting dev server:
Error: Build failed with 1 error:

[plugin externalize-deps]
Error: Failed to resolve "@sveltejs/kit/vite". This package is ESM only but it was tried to load by `require`. See https://vite.dev/guide/troubleshooting.html#this-package-is-esm-only for more details.
    at PluginContextImpl.handler (file:///home/cb/Projects/pelagos-ui/node_modules/vite/dist/node/chunks/node.js:34432:40)
    at plugin (file:///home/cb/Projects/pelagos-ui/node_modules/rolldown/dist/shared/bindingify-input-options-Cu7pt6SZ.mjs:1013:30)
    at plugin.<computed> (file:///home/cb/Projects/pelagos-ui/node_modules/rolldown/dist/shared/bindingify-input-options-Cu7pt6SZ.mjs:1570:18)
    at aggregateBindingErrorsIntoJsError (file:///home/cb/Projects/pelagos-ui/node_modules/rolldown/dist/shared/error-CP8smW_P.mjs:48:18)
    at unwrapBindingResult (file:///home/cb/Projects/pelagos-ui/node_modules/rolldown/dist/shared/error-CP8smW_P.mjs:18:128)
    at #build (file:///home/cb/Projects/pelagos-ui/node_modules/rolldown/dist/shared/rolldown-build-4YnQkA76.mjs:3311:34)
    at async bundleConfigFile (file:///home/cb/Projects/pelagos-ui/node_modules/vite/dist/node/chunks/node.js:34472:17)
    at async bundleAndLoadConfigFile (file:///home/cb/Projects/pelagos-ui/node_modules/vite/dist/node/chunks/node.js:34380:18)
    at async loadConfigFromFile (file:///home/cb/Projects/pelagos-ui/node_modules/vite/dist/node/chunks/node.js:34349:42)
    at async resolveConfig (file:///home/cb/Projects/pelagos-ui/node_modules/vite/dist/node/chunks/node.js:33973:22)
    at async _createServer (file:///home/cb/Projects/pelagos-ui/node_modules/vite/dist/node/chunks/node.js:25872:65)
    at async CAC.<anonymous> (file:///home/cb/Projects/pelagos-ui/node_modules/vite/dist/node/cli.js:709:18) {
  errors: [Getter/Setter]
}
       Error The "beforeDevCommand" terminated with a non-zero status code.
